<?xml version="1.0" encoding="UTF-8"?>
<robot generator="Robot 3.1.2 (Python 3.7.4 on win32)" generated="20190828 13:48:55.595" rpa="false">
<suite id="s1" name="RobotProject1" source="C:\repos\Eclipse_Robot_Framework\RobotProject1">
<suite id="s1-s1" name="Tests" source="C:\repos\Eclipse_Robot_Framework\RobotProject1\tests">
<suite id="s1-s1-s1" name="TestSuite1" source="C:\repos\Eclipse_Robot_Framework\RobotProject1\tests\TestSuite1.robot">
<kw name="Log" library="BuiltIn" type="setup">
<doc>Logs the given message with the given level.</doc>
<arguments>
<arg>I am inside Test Suite Setup</arg>
</arguments>
<msg timestamp="20190828 13:48:55.896" level="INFO">I am inside Test Suite Setup</msg>
<status status="PASS" starttime="20190828 13:48:55.896" endtime="20190828 13:48:55.896"></status>
</kw>
<test id="s1-s1-s1-t1" name="SiteRoyKatoeleInlog">
<kw name="Log" library="BuiltIn" type="setup">
<doc>Logs the given message with the given level.</doc>
<arguments>
<arg>I am inside Test Setup</arg>
</arguments>
<msg timestamp="20190828 13:48:55.897" level="INFO">I am inside Test Setup</msg>
<status status="PASS" starttime="20190828 13:48:55.897" endtime="20190828 13:48:55.897"></status>
</kw>
<kw name="Open Browser" library="SeleniumLibrary">
<doc>Opens a new browser instance to the given ``url``.</doc>
<arguments>
<arg>https://opensource-demo.orangehrmlive.com/</arg>
<arg>chrome</arg>
</arguments>
<msg timestamp="20190828 13:48:55.898" level="INFO">Opening browser 'chrome' to base url 'https://opensource-demo.orangehrmlive.com/'.</msg>
<status status="PASS" starttime="20190828 13:48:55.898" endtime="20190828 13:48:59.625"></status>
</kw>
<kw name="Set Browser Implicit Wait" library="SeleniumLibrary">
<doc>Sets the implicit wait value used by Selenium.</doc>
<arguments>
<arg>10</arg>
</arguments>
<status status="PASS" starttime="20190828 13:48:59.626" endtime="20190828 13:48:59.627"></status>
</kw>
<kw name="LoginKW">
<kw name="Input Text" library="SeleniumLibrary">
<doc>Types the given ``text`` into text field identified by ``locator``.</doc>
<arguments>
<arg>id=txtUsername</arg>
<arg>@{CREDENTIALS}[0]</arg>
</arguments>
<msg timestamp="20190828 13:48:59.628" level="INFO">Typing text 'Admin' into text field 'id=txtUsername'.</msg>
<status status="PASS" starttime="20190828 13:48:59.628" endtime="20190828 13:48:59.693"></status>
</kw>
<kw name="Input Text" library="SeleniumLibrary">
<doc>Types the given ``text`` into text field identified by ``locator``.</doc>
<arguments>
<arg>xpath=//*[@id="txtPassword"]</arg>
<arg>&amp;{LOGINDATA}[password]</arg>
</arguments>
<msg timestamp="20190828 13:48:59.693" level="INFO">Typing text 'admin123' into text field 'xpath=//*[@id="txtPassword"]'.</msg>
<status status="PASS" starttime="20190828 13:48:59.693" endtime="20190828 13:48:59.753"></status>
</kw>
<kw name="Click Button" library="SeleniumLibrary">
<doc>Clicks button identified by ``locator``.</doc>
<arguments>
<arg>id=btnLogin</arg>
</arguments>
<msg timestamp="20190828 13:48:59.754" level="INFO">Clicking button 'id=btnLogin'.</msg>
<status status="PASS" starttime="20190828 13:48:59.754" endtime="20190828 13:49:00.707"></status>
</kw>
<status status="PASS" starttime="20190828 13:48:59.627" endtime="20190828 13:49:00.707"></status>
</kw>
<kw name="Click Element" library="SeleniumLibrary">
<doc>Click element identified by ``locator``.</doc>
<arguments>
<arg>id=welcome</arg>
</arguments>
<msg timestamp="20190828 13:49:00.709" level="INFO">Clicking element 'id=welcome'.</msg>
<status status="PASS" starttime="20190828 13:49:00.709" endtime="20190828 13:49:01.427"></status>
</kw>
<kw name="Click Element" library="SeleniumLibrary">
<doc>Click element identified by ``locator``.</doc>
<arguments>
<arg>link=Logout</arg>
</arguments>
<msg timestamp="20190828 13:49:01.428" level="INFO">Clicking element 'link=Logout'.</msg>
<status status="PASS" starttime="20190828 13:49:01.427" endtime="20190828 13:49:01.965"></status>
</kw>
<kw name="Close Browser" library="SeleniumLibrary">
<doc>Closes the current browser.</doc>
<status status="PASS" starttime="20190828 13:49:01.965" endtime="20190828 13:49:04.107"></status>
</kw>
<kw name="Log" library="BuiltIn">
<doc>Logs the given message with the given level.</doc>
<arguments>
<arg>Test OK</arg>
</arguments>
<msg timestamp="20190828 13:49:04.108" level="INFO">Test OK</msg>
<status status="PASS" starttime="20190828 13:49:04.107" endtime="20190828 13:49:04.108"></status>
</kw>
<kw name="Log" library="BuiltIn">
<doc>Logs the given message with the given level.</doc>
<arguments>
<arg>This test was executed by %{username} on %{os}</arg>
</arguments>
<msg timestamp="20190828 13:49:04.108" level="INFO">This test was executed by katoe on Windows_NT</msg>
<status status="PASS" starttime="20190828 13:49:04.108" endtime="20190828 13:49:04.109"></status>
</kw>
<kw name="Log" library="BuiltIn" type="teardown">
<doc>Logs the given message with the given level.</doc>
<arguments>
<arg>I am inside Test Teardown</arg>
</arguments>
<msg timestamp="20190828 13:49:04.109" level="INFO">I am inside Test Teardown</msg>
<status status="PASS" starttime="20190828 13:49:04.109" endtime="20190828 13:49:04.109"></status>
</kw>
<doc>Dit is een login test</doc>
<tags>
<tag>Alles zonder tag op testniveau</tag>
</tags>
<status status="PASS" starttime="20190828 13:48:55.896" endtime="20190828 13:49:04.109" critical="yes"></status>
</test>
<kw name="Log" library="BuiltIn" type="teardown">
<doc>Logs the given message with the given level.</doc>
<arguments>
<arg>I am insite Test Suite Teardown</arg>
</arguments>
<msg timestamp="20190828 13:49:04.110" level="INFO">I am insite Test Suite Teardown</msg>
<status status="PASS" starttime="20190828 13:49:04.110" endtime="20190828 13:49:04.111"></status>
</kw>
<status status="PASS" starttime="20190828 13:48:55.655" endtime="20190828 13:49:04.111"></status>
</suite>
<status status="PASS" starttime="20190828 13:48:55.653" endtime="20190828 13:49:04.112"></status>
</suite>
<status status="PASS" starttime="20190828 13:48:55.631" endtime="20190828 13:49:04.114"></status>
</suite>
<statistics>
<total>
<stat pass="1" fail="0">Critical Tests</stat>
<stat pass="1" fail="0">All Tests</stat>
</total>
<tag>
<stat pass="1" fail="0">Alles zonder tag op testniveau</stat>
</tag>
<suite>
<stat pass="1" fail="0" id="s1" name="RobotProject1">RobotProject1</stat>
<stat pass="1" fail="0" id="s1-s1" name="Tests">RobotProject1.Tests</stat>
<stat pass="1" fail="0" id="s1-s1-s1" name="TestSuite1">RobotProject1.Tests.TestSuite1</stat>
</suite>
</statistics>
<errors>
</errors>
</robot>
