<?xml version="1.0" encoding="UTF-8"?>
<robot generator="Robot 3.1.2 (Python 3.7.4 on win32)" generated="20190903 14:45:54.890" rpa="false">
<suite id="s1" name="RobotProject1" source="C:\Users\katoe\git\RobotFrameworkProject\RobotProject1">
<suite id="s1-s1" name="Tests" source="C:\Users\katoe\git\RobotFrameworkProject\RobotProject1\tests">
<suite id="s1-s1-s1" name="TestSuite1" source="C:\Users\katoe\git\RobotFrameworkProject\RobotProject1\tests\TestSuite1.robot">
<kw name="Log" library="BuiltIn" type="setup">
<doc>Logs the given message with the given level.</doc>
<arguments>
<arg>I am inside Test Suite Setup</arg>
</arguments>
<msg timestamp="20190903 14:45:55.393" level="INFO">I am inside Test Suite Setup</msg>
<status status="PASS" starttime="20190903 14:45:55.392" endtime="20190903 14:45:55.393"></status>
</kw>
<test id="s1-s1-s1-t1" name="UploadFile">
<kw name="Log" library="BuiltIn" type="setup">
<doc>Logs the given message with the given level.</doc>
<arguments>
<arg>I am inside Test Setup</arg>
</arguments>
<msg timestamp="20190903 14:45:55.394" level="INFO">I am inside Test Setup</msg>
<status status="PASS" starttime="20190903 14:45:55.394" endtime="20190903 14:45:55.397"></status>
</kw>
<kw name="Open Browser" library="SeleniumLibrary">
<doc>Opens a new browser instance to the given ``url``.</doc>
<arguments>
<arg>https://www.fishinglures4you.com/contact-2/</arg>
<arg>chrome</arg>
</arguments>
<msg timestamp="20190903 14:45:55.398" level="INFO">Opening browser 'chrome' to base url 'https://www.fishinglures4you.com/contact-2/'.</msg>
<status status="PASS" starttime="20190903 14:45:55.398" endtime="20190903 14:46:02.215"></status>
</kw>
<kw name="Set Browser Implicit Wait" library="SeleniumLibrary">
<doc>Sets the implicit wait value used by Selenium.</doc>
<arguments>
<arg>10</arg>
</arguments>
<status status="PASS" starttime="20190903 14:46:02.216" endtime="20190903 14:46:02.219"></status>
</kw>
<kw name="Input Text" library="SeleniumLibrary">
<doc>Types the given ``text`` into text field identified by ``locator``.</doc>
<arguments>
<arg>name=your-name</arg>
<arg>Roy Katoele</arg>
</arguments>
<msg timestamp="20190903 14:46:02.220" level="INFO">Typing text 'Roy Katoele' into text field 'name=your-name'.</msg>
<status status="PASS" starttime="20190903 14:46:02.219" endtime="20190903 14:46:02.352"></status>
</kw>
<kw name="Input Text" library="SeleniumLibrary">
<doc>Types the given ``text`` into text field identified by ``locator``.</doc>
<arguments>
<arg>name=your-email</arg>
<arg>roykatoele@gmail.com</arg>
</arguments>
<msg timestamp="20190903 14:46:02.353" level="INFO">Typing text 'roykatoele@gmail.com' into text field 'name=your-email'.</msg>
<status status="PASS" starttime="20190903 14:46:02.352" endtime="20190903 14:46:02.489"></status>
</kw>
<kw name="Input Text" library="SeleniumLibrary">
<doc>Types the given ``text`` into text field identified by ``locator``.</doc>
<arguments>
<arg>name=Ordernumber</arg>
<arg>123456</arg>
</arguments>
<msg timestamp="20190903 14:46:02.489" level="INFO">Typing text '123456' into text field 'name=Ordernumber'.</msg>
<status status="PASS" starttime="20190903 14:46:02.489" endtime="20190903 14:46:02.584"></status>
</kw>
<kw name="Select From List By Value" library="SeleniumLibrary">
<doc>Selects options from selection list ``locator`` by ``values``.</doc>
<arguments>
<arg>name=your-subject</arg>
<arg>Other</arg>
</arguments>
<msg timestamp="20190903 14:46:02.585" level="INFO">Selecting options from selection list 'name=your-subject' by value Other.</msg>
<status status="PASS" starttime="20190903 14:46:02.585" endtime="20190903 14:46:02.681"></status>
</kw>
<kw name="Choose File" library="SeleniumLibrary">
<doc>Inputs the ``file_path`` into file input field ``locator``.</doc>
<arguments>
<arg>xpath=//*[@id="wpcf7-f92-p160-o1"]/form/p[5]/label/span/input</arg>
<arg>${EXECDIR}/screenshot 8.png</arg>
</arguments>
<status status="PASS" starttime="20190903 14:46:02.682" endtime="20190903 14:46:02.718"></status>
</kw>
<kw name="Input Text" library="SeleniumLibrary">
<doc>Types the given ``text`` into text field identified by ``locator``.</doc>
<arguments>
<arg>name=your-message</arg>
<arg>Roy is trying to enter \n can he do that? \n I think so \n lets try</arg>
</arguments>
<msg timestamp="20190903 14:46:02.719" level="INFO">Typing text 'Roy is trying to enter 
can he do that? 
I think so 
lets try' into text field 'name=your-message'.</msg>
<status status="PASS" starttime="20190903 14:46:02.719" endtime="20190903 14:46:02.965"></status>
</kw>
<kw name="Log" library="BuiltIn" type="teardown">
<doc>Logs the given message with the given level.</doc>
<arguments>
<arg>I am inside Test Teardown</arg>
</arguments>
<msg timestamp="20190903 14:46:02.966" level="INFO">I am inside Test Teardown</msg>
<status status="PASS" starttime="20190903 14:46:02.966" endtime="20190903 14:46:02.966"></status>
</kw>
<tags>
<tag>Alles zonder tag op testniveau</tag>
</tags>
<status status="PASS" starttime="20190903 14:45:55.393" endtime="20190903 14:46:02.967" critical="yes"></status>
</test>
<kw name="Log" library="BuiltIn" type="teardown">
<doc>Logs the given message with the given level.</doc>
<arguments>
<arg>I am insite Test Suite Teardown</arg>
</arguments>
<msg timestamp="20190903 14:46:02.968" level="INFO">I am insite Test Suite Teardown</msg>
<status status="PASS" starttime="20190903 14:46:02.968" endtime="20190903 14:46:02.969"></status>
</kw>
<status status="PASS" starttime="20190903 14:45:54.986" endtime="20190903 14:46:02.969"></status>
</suite>
<status status="PASS" starttime="20190903 14:45:54.982" endtime="20190903 14:46:02.972"></status>
</suite>
<status status="PASS" starttime="20190903 14:45:54.949" endtime="20190903 14:46:02.975"></status>
</suite>
<statistics>
<total>
<stat pass="1" fail="0">Critical Tests</stat>
<stat pass="1" fail="0">All Tests</stat>
</total>
<tag>
<stat pass="1" fail="0">Alles zonder tag op testniveau</stat>
</tag>
<suite>
<stat pass="1" fail="0" id="s1" name="RobotProject1">RobotProject1</stat>
<stat pass="1" fail="0" id="s1-s1" name="Tests">RobotProject1.Tests</stat>
<stat pass="1" fail="0" id="s1-s1-s1" name="TestSuite1">RobotProject1.Tests.TestSuite1</stat>
</suite>
</statistics>
<errors>
</errors>
</robot>
